<?xml version="1.0" encoding="UTF-8"?>
<!-- Generated by org.testng.reporters.JUnitXMLReporter -->
<testsuite ignored="3" hostname="CO-IT022856" failures="0" tests="9" name="Surefire test" time="0.055" errors="0" timestamp="11 Nov 2022 15:23:04 GMT">
  <testcase classname="com.globant.LoginTest" name="logIn" time="0.005"/>
  <testcase classname="com.globant.LoginTest" name="logIn" time="0.0"/>
  <testcase classname="com.globant.LoginTest" name="logIn" time="0.0"/>
  <testcase classname="com.globant.LoginTest" name="invalidLogIn" time="0.001"/>
  <testcase classname="com.globant.LoginTest" name="invalidLogIn" time="0.0"/>
  <testcase classname="com.globant.LoginTest" name="invalidLogIn" time="0.001"/>
  <testcase classname="com.globant.LogoutTest" name="logOut" time="0.004"/>
  <testcase classname="com.globant.LogoutTest" name="logOut" time="0.0"/>
  <testcase classname="com.globant.LogoutTest" name="logOut" time="0.001"/>
  <testcase classname="com.globant.DataBase" name="@AfterTest closeBrowser" time="0.0">
    <ignored/>
  </testcase> <!-- @AfterTest closeBrowser -->
  <testcase classname="com.globant.DataBase" name="@BeforeSuite startBrowser" time="0.0">
    <ignored/>
  </testcase> <!-- @BeforeSuite startBrowser -->
  <testcase classname="com.globant.DataBase" name="@BeforeTest registerUser" time="0.0">
    <ignored/>
  </testcase> <!-- @BeforeTest registerUser -->
</testsuite> <!-- Surefire test -->
