<?xml version="1.0" encoding="UTF-8"?>
<testng-results ignored="3" total="12" passed="9" failed="0" skipped="0">
  <reporter-output>
  </reporter-output>
  <suite started-at="2022-11-11T15:23:04Z" name="Surefire suite" finished-at="2022-11-11T15:23:04Z" duration-ms="55">
    <groups>
    </groups>
    <test started-at="2022-11-11T15:23:04Z" name="Surefire test" finished-at="2022-11-11T15:23:04Z" duration-ms="55">
      <class name="com.globant.LogoutTest">
        <test-method is-config="true" signature="cleanPage()[pri:0, instance:com.globant.LogoutTest@799d4f69]" started-at="2022-11-11T15:23:04Z" name="cleanPage" finished-at="2022-11-11T15:23:04Z" duration-ms="1" status="PASS">
          <reporter-output>
          </reporter-output>
        </test-method> <!-- cleanPage -->
        <test-method signature="logOut(java.lang.String, java.lang.String)[pri:3, instance:com.globant.LogoutTest@799d4f69]" started-at="2022-11-11T15:23:04Z" name="logOut" data-provider="validData" finished-at="2022-11-11T15:23:04Z" duration-ms="4" status="PASS">
          <params>
            <param index="0">
              <value>
                <![CDATA[dog@mail.com]]>
              </value>
            </param>
            <param index="1">
              <value>
                <![CDATA[dog1]]>
              </value>
            </param>
          </params>
          <reporter-output>
          </reporter-output>
        </test-method> <!-- logOut -->
        <test-method is-config="true" signature="cleanPage()[pri:0, instance:com.globant.LogoutTest@799d4f69]" started-at="2022-11-11T15:23:04Z" name="cleanPage" finished-at="2022-11-11T15:23:04Z" duration-ms="2" status="PASS">
          <reporter-output>
          </reporter-output>
        </test-method> <!-- cleanPage -->
        <test-method signature="logOut(java.lang.String, java.lang.String)[pri:3, instance:com.globant.LogoutTest@799d4f69]" started-at="2022-11-11T15:23:04Z" name="logOut" data-provider="validData" finished-at="2022-11-11T15:23:04Z" duration-ms="0" status="PASS">
          <params>
            <param index="0">
              <value>
                <![CDATA[cat@mail.com]]>
              </value>
            </param>
            <param index="1">
              <value>
                <![CDATA[cat1]]>
              </value>
            </param>
          </params>
          <reporter-output>
          </reporter-output>
        </test-method> <!-- logOut -->
        <test-method signature="logOut(java.lang.String, java.lang.String)[pri:3, instance:com.globant.LogoutTest@799d4f69]" started-at="2022-11-11T15:23:04Z" name="logOut" data-provider="validData" finished-at="2022-11-11T15:23:04Z" duration-ms="1" status="PASS">
          <params>
            <param index="0">
              <value>
                <![CDATA[rabbit@mail.com]]>
              </value>
            </param>
            <param index="1">
              <value>
                <![CDATA[rabbit1]]>
              </value>
            </param>
          </params>
          <reporter-output>
          </reporter-output>
        </test-method> <!-- logOut -->
        <test-method is-config="true" signature="cleanPage()[pri:0, instance:com.globant.LogoutTest@799d4f69]" started-at="2022-11-11T15:23:04Z" name="cleanPage" finished-at="2022-11-11T15:23:04Z" duration-ms="0" status="PASS">
          <reporter-output>
          </reporter-output>
        </test-method> <!-- cleanPage -->
      </class> <!-- com.globant.LogoutTest -->
      <class name="com.globant.LoginTest">
        <test-method is-config="true" signature="startBrowser()[pri:0, instance:com.globant.LoginTest@45afc369]" started-at="2022-11-11T15:23:04Z" name="startBrowser" finished-at="2022-11-11T15:23:04Z" duration-ms="16" status="PASS">
          <reporter-output>
          </reporter-output>
        </test-method> <!-- startBrowser -->
        <test-method is-config="true" signature="registerUser()[pri:0, instance:com.globant.LoginTest@45afc369]" started-at="2022-11-11T15:23:04Z" name="registerUser" finished-at="2022-11-11T15:23:04Z" duration-ms="1" status="PASS">
          <reporter-output>
          </reporter-output>
        </test-method> <!-- registerUser -->
        <test-method is-config="true" signature="cleanPage()[pri:0, instance:com.globant.LoginTest@45afc369]" started-at="2022-11-11T15:23:04Z" name="cleanPage" finished-at="2022-11-11T15:23:04Z" duration-ms="1" status="PASS">
          <reporter-output>
          </reporter-output>
        </test-method> <!-- cleanPage -->
        <test-method signature="logIn(java.lang.String, java.lang.String)[pri:1, instance:com.globant.LoginTest@45afc369]" started-at="2022-11-11T15:23:04Z" name="logIn" data-provider="validData" finished-at="2022-11-11T15:23:04Z" duration-ms="5" status="PASS">
          <params>
            <param index="0">
              <value>
                <![CDATA[dog@mail.com]]>
              </value>
            </param>
            <param index="1">
              <value>
                <![CDATA[dog1]]>
              </value>
            </param>
          </params>
          <reporter-output>
          </reporter-output>
        </test-method> <!-- logIn -->
        <test-method is-config="true" signature="cleanPage()[pri:0, instance:com.globant.LoginTest@45afc369]" started-at="2022-11-11T15:23:04Z" name="cleanPage" finished-at="2022-11-11T15:23:04Z" duration-ms="1" status="PASS">
          <reporter-output>
          </reporter-output>
        </test-method> <!-- cleanPage -->
        <test-method signature="logIn(java.lang.String, java.lang.String)[pri:1, instance:com.globant.LoginTest@45afc369]" started-at="2022-11-11T15:23:04Z" name="logIn" data-provider="validData" finished-at="2022-11-11T15:23:04Z" duration-ms="0" status="PASS">
          <params>
            <param index="0">
              <value>
                <![CDATA[cat@mail.com]]>
              </value>
            </param>
            <param index="1">
              <value>
                <![CDATA[cat1]]>
              </value>
            </param>
          </params>
          <reporter-output>
          </reporter-output>
        </test-method> <!-- logIn -->
        <test-method signature="logIn(java.lang.String, java.lang.String)[pri:1, instance:com.globant.LoginTest@45afc369]" started-at="2022-11-11T15:23:04Z" name="logIn" data-provider="validData" finished-at="2022-11-11T15:23:04Z" duration-ms="0" status="PASS">
          <params>
            <param index="0">
              <value>
                <![CDATA[rabbit@mail.com]]>
              </value>
            </param>
            <param index="1">
              <value>
                <![CDATA[rabbit1]]>
              </value>
            </param>
          </params>
          <reporter-output>
          </reporter-output>
        </test-method> <!-- logIn -->
        <test-method is-config="true" signature="cleanPage()[pri:0, instance:com.globant.LoginTest@45afc369]" started-at="2022-11-11T15:23:04Z" name="cleanPage" finished-at="2022-11-11T15:23:04Z" duration-ms="0" status="PASS">
          <reporter-output>
          </reporter-output>
        </test-method> <!-- cleanPage -->
        <test-method is-config="true" signature="cleanPage()[pri:0, instance:com.globant.LoginTest@45afc369]" started-at="2022-11-11T15:23:04Z" name="cleanPage" finished-at="2022-11-11T15:23:04Z" duration-ms="0" status="PASS">
          <reporter-output>
          </reporter-output>
        </test-method> <!-- cleanPage -->
        <test-method signature="invalidLogIn(java.lang.String, java.lang.String)[pri:2, instance:com.globant.LoginTest@45afc369]" started-at="2022-11-11T15:23:04Z" name="invalidLogIn" data-provider="invalidData" finished-at="2022-11-11T15:23:04Z" duration-ms="1" status="PASS">
          <params>
            <param index="0">
              <value>
                <![CDATA[lion@mail.com]]>
              </value>
            </param>
            <param index="1">
              <value>
                <![CDATA[lion1]]>
              </value>
            </param>
          </params>
          <reporter-output>
          </reporter-output>
        </test-method> <!-- invalidLogIn -->
        <test-method is-config="true" signature="cleanPage()[pri:0, instance:com.globant.LoginTest@45afc369]" started-at="2022-11-11T15:23:04Z" name="cleanPage" finished-at="2022-11-11T15:23:04Z" duration-ms="0" status="PASS">
          <reporter-output>
          </reporter-output>
        </test-method> <!-- cleanPage -->
        <test-method signature="invalidLogIn(java.lang.String, java.lang.String)[pri:2, instance:com.globant.LoginTest@45afc369]" started-at="2022-11-11T15:23:04Z" name="invalidLogIn" data-provider="invalidData" finished-at="2022-11-11T15:23:04Z" duration-ms="0" status="PASS">
          <params>
            <param index="0">
              <value>
                <![CDATA[tigger@mail.com]]>
              </value>
            </param>
            <param index="1">
              <value>
                <![CDATA[tigger1]]>
              </value>
            </param>
          </params>
          <reporter-output>
          </reporter-output>
        </test-method> <!-- invalidLogIn -->
        <test-method signature="invalidLogIn(java.lang.String, java.lang.String)[pri:2, instance:com.globant.LoginTest@45afc369]" started-at="2022-11-11T15:23:04Z" name="invalidLogIn" data-provider="invalidData" finished-at="2022-11-11T15:23:04Z" duration-ms="1" status="PASS">
          <params>
            <param index="0">
              <value>
                <![CDATA[jaguar@mail.com]]>
              </value>
            </param>
            <param index="1">
              <value>
                <![CDATA[jaguar1]]>
              </value>
            </param>
          </params>
          <reporter-output>
          </reporter-output>
        </test-method> <!-- invalidLogIn -->
        <test-method is-config="true" signature="cleanPage()[pri:0, instance:com.globant.LoginTest@45afc369]" started-at="2022-11-11T15:23:04Z" name="cleanPage" finished-at="2022-11-11T15:23:04Z" duration-ms="0" status="PASS">
          <reporter-output>
          </reporter-output>
        </test-method> <!-- cleanPage -->
        <test-method is-config="true" signature="closeBrowser()[pri:0, instance:com.globant.LoginTest@45afc369]" started-at="2022-11-11T15:23:04Z" name="closeBrowser" finished-at="2022-11-11T15:23:04Z" duration-ms="1" status="PASS">
          <reporter-output>
          </reporter-output>
        </test-method> <!-- closeBrowser -->
      </class> <!-- com.globant.LoginTest -->
    </test> <!-- Surefire test -->
  </suite> <!-- Surefire suite -->
</testng-results>
